<?xml version="1.0" encoding="UTF-8"?>
<testsuite xmlns:xsi="http://www.w3.org/2001/XMLSchema-instance" xsi:noNamespaceSchemaLocation="https://maven.apache.org/surefire/maven-surefire-plugin/xsd/surefire-test-report-3.0.xsd" version="3.0" name="com.example.springboot.SpringbootApplicationTests" time="2.265" tests="1" errors="0" skipped="0" failures="0">
  <properties>
    <property name="sun.desktop" value="windows"/>
    <property name="awt.toolkit" value="sun.awt.windows.WToolkit"/>
    <property name="file.encoding.pkg" value="sun.io"/>
    <property name="java.specification.version" value="1.8"/>
    <property name="sun.cpu.isalist" value="amd64"/>
    <property name="sun.jnu.encoding" value="GBK"/>
    <property name="java.class.path" value="D:\Projects\BookManagementSys\springboot\target\test-classes;D:\Projects\BookManagementSys\springboot\target\classes;D:\Development\apache-maven-3.9.9\local-repository\org\springframework\boot\spring-boot-starter-web\2.7.6\spring-boot-starter-web-2.7.6.jar;D:\Development\apache-maven-3.9.9\local-repository\org\springframework\boot\spring-boot-starter\2.7.6\spring-boot-starter-2.7.6.jar;D:\Development\apache-maven-3.9.9\local-repository\org\springframework\boot\spring-boot\2.7.6\spring-boot-2.7.6.jar;D:\Development\apache-maven-3.9.9\local-repository\org\springframework\boot\spring-boot-autoconfigure\2.7.6\spring-boot-autoconfigure-2.7.6.jar;D:\Development\apache-maven-3.9.9\local-repository\org\springframework\boot\spring-boot-starter-logging\2.7.6\spring-boot-starter-logging-2.7.6.jar;D:\Development\apache-maven-3.9.9\local-repository\ch\qos\logback\logback-classic\1.2.11\logback-classic-1.2.11.jar;D:\Development\apache-maven-3.9.9\local-repository\ch\qos\logback\logback-core\1.2.11\logback-core-1.2.11.jar;D:\Development\apache-maven-3.9.9\local-repository\org\apache\logging\log4j\log4j-to-slf4j\2.17.2\log4j-to-slf4j-2.17.2.jar;D:\Development\apache-maven-3.9.9\local-repository\org\apache\logging\log4j\log4j-api\2.17.2\log4j-api-2.17.2.jar;D:\Development\apache-maven-3.9.9\local-repository\org\slf4j\jul-to-slf4j\1.7.36\jul-to-slf4j-1.7.36.jar;D:\Development\apache-maven-3.9.9\local-repository\jakarta\annotation\jakarta.annotation-api\1.3.5\jakarta.annotation-api-1.3.5.jar;D:\Development\apache-maven-3.9.9\local-repository\org\yaml\snakeyaml\1.30\snakeyaml-1.30.jar;D:\Development\apache-maven-3.9.9\local-repository\org\springframework\boot\spring-boot-starter-json\2.7.6\spring-boot-starter-json-2.7.6.jar;D:\Development\apache-maven-3.9.9\local-repository\com\fasterxml\jackson\datatype\jackson-datatype-jdk8\2.13.4\jackson-datatype-jdk8-2.13.4.jar;D:\Development\apache-maven-3.9.9\local-repository\com\fasterxml\jackson\datatype\jackson-datatype-jsr310\2.13.4\jackson-datatype-jsr310-2.13.4.jar;D:\Development\apache-maven-3.9.9\local-repository\com\fasterxml\jackson\module\jackson-module-parameter-names\2.13.4\jackson-module-parameter-names-2.13.4.jar;D:\Development\apache-maven-3.9.9\local-repository\org\springframework\boot\spring-boot-starter-tomcat\2.7.6\spring-boot-starter-tomcat-2.7.6.jar;D:\Development\apache-maven-3.9.9\local-repository\org\apache\tomcat\embed\tomcat-embed-core\9.0.69\tomcat-embed-core-9.0.69.jar;D:\Development\apache-maven-3.9.9\local-repository\org\apache\tomcat\embed\tomcat-embed-el\9.0.69\tomcat-embed-el-9.0.69.jar;D:\Development\apache-maven-3.9.9\local-repository\org\apache\tomcat\embed\tomcat-embed-websocket\9.0.69\tomcat-embed-websocket-9.0.69.jar;D:\Development\apache-maven-3.9.9\local-repository\org\springframework\spring-web\5.3.24\spring-web-5.3.24.jar;D:\Development\apache-maven-3.9.9\local-repository\org\springframework\spring-beans\5.3.24\spring-beans-5.3.24.jar;D:\Development\apache-maven-3.9.9\local-repository\org\springframework\spring-webmvc\5.3.24\spring-webmvc-5.3.24.jar;D:\Development\apache-maven-3.9.9\local-repository\org\springframework\spring-aop\5.3.24\spring-aop-5.3.24.jar;D:\Development\apache-maven-3.9.9\local-repository\org\springframework\spring-context\5.3.24\spring-context-5.3.24.jar;D:\Development\apache-maven-3.9.9\local-repository\org\springframework\spring-expression\5.3.24\spring-expression-5.3.24.jar;D:\Development\apache-maven-3.9.9\local-repository\org\mybatis\spring\boot\mybatis-spring-boot-starter\2.3.0\mybatis-spring-boot-starter-2.3.0.jar;D:\Development\apache-maven-3.9.9\local-repository\org\springframework\boot\spring-boot-starter-jdbc\2.7.6\spring-boot-starter-jdbc-2.7.6.jar;D:\Development\apache-maven-3.9.9\local-repository\com\zaxxer\HikariCP\4.0.3\HikariCP-4.0.3.jar;D:\Development\apache-maven-3.9.9\local-repository\org\springframework\spring-jdbc\5.3.24\spring-jdbc-5.3.24.jar;D:\Development\apache-maven-3.9.9\local-repository\org\springframework\spring-tx\5.3.24\spring-tx-5.3.24.jar;D:\Development\apache-maven-3.9.9\local-repository\org\mybatis\spring\boot\mybatis-spring-boot-autoconfigure\2.3.0\mybatis-spring-boot-autoconfigure-2.3.0.jar;D:\Development\apache-maven-3.9.9\local-repository\org\mybatis\mybatis\3.5.11\mybatis-3.5.11.jar;D:\Development\apache-maven-3.9.9\local-repository\org\mybatis\mybatis-spring\2.1.0\mybatis-spring-2.1.0.jar;D:\Development\apache-maven-3.9.9\local-repository\com\mysql\mysql-connector-j\8.0.31\mysql-connector-j-8.0.31.jar;D:\Development\apache-maven-3.9.9\local-repository\org\projectlombok\lombok\1.18.24\lombok-1.18.24.jar;D:\Development\apache-maven-3.9.9\local-repository\org\springframework\boot\spring-boot-starter-test\2.7.6\spring-boot-starter-test-2.7.6.jar;D:\Development\apache-maven-3.9.9\local-repository\org\springframework\boot\spring-boot-test\2.7.6\spring-boot-test-2.7.6.jar;D:\Development\apache-maven-3.9.9\local-repository\org\springframework\boot\spring-boot-test-autoconfigure\2.7.6\spring-boot-test-autoconfigure-2.7.6.jar;D:\Development\apache-maven-3.9.9\local-repository\com\jayway\jsonpath\json-path\2.7.0\json-path-2.7.0.jar;D:\Development\apache-maven-3.9.9\local-repository\net\minidev\json-smart\2.4.8\json-smart-2.4.8.jar;D:\Development\apache-maven-3.9.9\local-repository\net\minidev\accessors-smart\2.4.8\accessors-smart-2.4.8.jar;D:\Development\apache-maven-3.9.9\local-repository\org\ow2\asm\asm\9.1\asm-9.1.jar;D:\Development\apache-maven-3.9.9\local-repository\org\slf4j\slf4j-api\1.7.36\slf4j-api-1.7.36.jar;D:\Development\apache-maven-3.9.9\local-repository\jakarta\xml\bind\jakarta.xml.bind-api\2.3.3\jakarta.xml.bind-api-2.3.3.jar;D:\Development\apache-maven-3.9.9\local-repository\jakarta\activation\jakarta.activation-api\1.2.2\jakarta.activation-api-1.2.2.jar;D:\Development\apache-maven-3.9.9\local-repository\org\assertj\assertj-core\3.22.0\assertj-core-3.22.0.jar;D:\Development\apache-maven-3.9.9\local-repository\org\hamcrest\hamcrest\2.2\hamcrest-2.2.jar;D:\Development\apache-maven-3.9.9\local-repository\org\junit\jupiter\junit-jupiter\5.8.2\junit-jupiter-5.8.2.jar;D:\Development\apache-maven-3.9.9\local-repository\org\junit\jupiter\junit-jupiter-api\5.8.2\junit-jupiter-api-5.8.2.jar;D:\Development\apache-maven-3.9.9\local-repository\org\opentest4j\opentest4j\1.2.0\opentest4j-1.2.0.jar;D:\Development\apache-maven-3.9.9\local-repository\org\junit\platform\junit-platform-commons\1.8.2\junit-platform-commons-1.8.2.jar;D:\Development\apache-maven-3.9.9\local-repository\org\apiguardian\apiguardian-api\1.1.2\apiguardian-api-1.1.2.jar;D:\Development\apache-maven-3.9.9\local-repository\org\junit\jupiter\junit-jupiter-params\5.8.2\junit-jupiter-params-5.8.2.jar;D:\Development\apache-maven-3.9.9\local-repository\org\junit\jupiter\junit-jupiter-engine\5.8.2\junit-jupiter-engine-5.8.2.jar;D:\Development\apache-maven-3.9.9\local-repository\org\junit\platform\junit-platform-engine\1.8.2\junit-platform-engine-1.8.2.jar;D:\Development\apache-maven-3.9.9\local-repository\org\mockito\mockito-core\4.5.1\mockito-core-4.5.1.jar;D:\Development\apache-maven-3.9.9\local-repository\net\bytebuddy\byte-buddy\1.12.19\byte-buddy-1.12.19.jar;D:\Development\apache-maven-3.9.9\local-repository\net\bytebuddy\byte-buddy-agent\1.12.19\byte-buddy-agent-1.12.19.jar;D:\Development\apache-maven-3.9.9\local-repository\org\objenesis\objenesis\3.2\objenesis-3.2.jar;D:\Development\apache-maven-3.9.9\local-repository\org\mockito\mockito-junit-jupiter\4.5.1\mockito-junit-jupiter-4.5.1.jar;D:\Development\apache-maven-3.9.9\local-repository\org\skyscreamer\jsonassert\1.5.1\jsonassert-1.5.1.jar;D:\Development\apache-maven-3.9.9\local-repository\com\vaadin\external\google\android-json\0.0.20131108.vaadin1\android-json-0.0.20131108.vaadin1.jar;D:\Development\apache-maven-3.9.9\local-repository\org\springframework\spring-core\5.3.24\spring-core-5.3.24.jar;D:\Development\apache-maven-3.9.9\local-repository\org\springframework\spring-jcl\5.3.24\spring-jcl-5.3.24.jar;D:\Development\apache-maven-3.9.9\local-repository\org\springframework\spring-test\5.3.24\spring-test-5.3.24.jar;D:\Development\apache-maven-3.9.9\local-repository\org\xmlunit\xmlunit-core\2.9.0\xmlunit-core-2.9.0.jar;D:\Development\apache-maven-3.9.9\local-repository\com\github\pagehelper\pagehelper-spring-boot-starter\1.4.6\pagehelper-spring-boot-starter-1.4.6.jar;D:\Development\apache-maven-3.9.9\local-repository\com\github\pagehelper\pagehelper-spring-boot-autoconfigure\1.4.6\pagehelper-spring-boot-autoconfigure-1.4.6.jar;D:\Development\apache-maven-3.9.9\local-repository\com\github\pagehelper\pagehelper\5.3.2\pagehelper-5.3.2.jar;D:\Development\apache-maven-3.9.9\local-repository\com\github\jsqlparser\jsqlparser\4.5\jsqlparser-4.5.jar;D:\Development\apache-maven-3.9.9\local-repository\cn\hutool\hutool-all\5.8.0\hutool-all-5.8.0.jar;D:\Development\apache-maven-3.9.9\local-repository\org\springframework\boot\spring-boot-configuration-processor\2.7.6\spring-boot-configuration-processor-2.7.6.jar;D:\Development\apache-maven-3.9.9\local-repository\com\auth0\java-jwt\3.10.3\java-jwt-3.10.3.jar;D:\Development\apache-maven-3.9.9\local-repository\com\fasterxml\jackson\core\jackson-databind\2.13.4.2\jackson-databind-2.13.4.2.jar;D:\Development\apache-maven-3.9.9\local-repository\com\fasterxml\jackson\core\jackson-annotations\2.13.4\jackson-annotations-2.13.4.jar;D:\Development\apache-maven-3.9.9\local-repository\com\fasterxml\jackson\core\jackson-core\2.13.4\jackson-core-2.13.4.jar;D:\Development\apache-maven-3.9.9\local-repository\commons-codec\commons-codec\1.15\commons-codec-1.15.jar;"/>
    <property name="java.vm.vendor" value="Oracle Corporation"/>
    <property name="sun.arch.data.model" value="64"/>
    <property name="user.variant" value=""/>
    <property name="java.vendor.url" value="http://java.oracle.com/"/>
    <property name="user.timezone" value="Asia/Shanghai"/>
    <property name="java.vm.specification.version" value="1.8"/>
    <property name="os.name" value="Windows 10"/>
    <property name="user.country" value="CN"/>
    <property name="sun.java.launcher" value="SUN_STANDARD"/>
    <property name="sun.boot.library.path" value="C:\Program Files\Java\jdk1.8.0_201\jre\bin"/>
    <property name="sun.java.command" value="C:\Users\lenovo\AppData\Local\Temp\surefire6788406232430427039\surefirebooter-20250116203032259_3.jar C:\Users\lenovo\AppData\Local\Temp\surefire6788406232430427039 2025-01-16T20-30-31_329-jvmRun1 surefire-20250116203032259_1tmp surefire_0-20250116203032259_2tmp"/>
    <property name="surefire.test.class.path" value="D:\Projects\BookManagementSys\springboot\target\test-classes;D:\Projects\BookManagementSys\springboot\target\classes;D:\Development\apache-maven-3.9.9\local-repository\org\springframework\boot\spring-boot-starter-web\2.7.6\spring-boot-starter-web-2.7.6.jar;D:\Development\apache-maven-3.9.9\local-repository\org\springframework\boot\spring-boot-starter\2.7.6\spring-boot-starter-2.7.6.jar;D:\Development\apache-maven-3.9.9\local-repository\org\springframework\boot\spring-boot\2.7.6\spring-boot-2.7.6.jar;D:\Development\apache-maven-3.9.9\local-repository\org\springframework\boot\spring-boot-autoconfigure\2.7.6\spring-boot-autoconfigure-2.7.6.jar;D:\Development\apache-maven-3.9.9\local-repository\org\springframework\boot\spring-boot-starter-logging\2.7.6\spring-boot-starter-logging-2.7.6.jar;D:\Development\apache-maven-3.9.9\local-repository\ch\qos\logback\logback-classic\1.2.11\logback-classic-1.2.11.jar;D:\Development\apache-maven-3.9.9\local-repository\ch\qos\logback\logback-core\1.2.11\logback-core-1.2.11.jar;D:\Development\apache-maven-3.9.9\local-repository\org\apache\logging\log4j\log4j-to-slf4j\2.17.2\log4j-to-slf4j-2.17.2.jar;D:\Development\apache-maven-3.9.9\local-repository\org\apache\logging\log4j\log4j-api\2.17.2\log4j-api-2.17.2.jar;D:\Development\apache-maven-3.9.9\local-repository\org\slf4j\jul-to-slf4j\1.7.36\jul-to-slf4j-1.7.36.jar;D:\Development\apache-maven-3.9.9\local-repository\jakarta\annotation\jakarta.annotation-api\1.3.5\jakarta.annotation-api-1.3.5.jar;D:\Development\apache-maven-3.9.9\local-repository\org\yaml\snakeyaml\1.30\snakeyaml-1.30.jar;D:\Development\apache-maven-3.9.9\local-repository\org\springframework\boot\spring-boot-starter-json\2.7.6\spring-boot-starter-json-2.7.6.jar;D:\Development\apache-maven-3.9.9\local-repository\com\fasterxml\jackson\datatype\jackson-datatype-jdk8\2.13.4\jackson-datatype-jdk8-2.13.4.jar;D:\Development\apache-maven-3.9.9\local-repository\com\fasterxml\jackson\datatype\jackson-datatype-jsr310\2.13.4\jackson-datatype-jsr310-2.13.4.jar;D:\Development\apache-maven-3.9.9\local-repository\com\fasterxml\jackson\module\jackson-module-parameter-names\2.13.4\jackson-module-parameter-names-2.13.4.jar;D:\Development\apache-maven-3.9.9\local-repository\org\springframework\boot\spring-boot-starter-tomcat\2.7.6\spring-boot-starter-tomcat-2.7.6.jar;D:\Development\apache-maven-3.9.9\local-repository\org\apache\tomcat\embed\tomcat-embed-core\9.0.69\tomcat-embed-core-9.0.69.jar;D:\Development\apache-maven-3.9.9\local-repository\org\apache\tomcat\embed\tomcat-embed-el\9.0.69\tomcat-embed-el-9.0.69.jar;D:\Development\apache-maven-3.9.9\local-repository\org\apache\tomcat\embed\tomcat-embed-websocket\9.0.69\tomcat-embed-websocket-9.0.69.jar;D:\Development\apache-maven-3.9.9\local-repository\org\springframework\spring-web\5.3.24\spring-web-5.3.24.jar;D:\Development\apache-maven-3.9.9\local-repository\org\springframework\spring-beans\5.3.24\spring-beans-5.3.24.jar;D:\Development\apache-maven-3.9.9\local-repository\org\springframework\spring-webmvc\5.3.24\spring-webmvc-5.3.24.jar;D:\Development\apache-maven-3.9.9\local-repository\org\springframework\spring-aop\5.3.24\spring-aop-5.3.24.jar;D:\Development\apache-maven-3.9.9\local-repository\org\springframework\spring-context\5.3.24\spring-context-5.3.24.jar;D:\Development\apache-maven-3.9.9\local-repository\org\springframework\spring-expression\5.3.24\spring-expression-5.3.24.jar;D:\Development\apache-maven-3.9.9\local-repository\org\mybatis\spring\boot\mybatis-spring-boot-starter\2.3.0\mybatis-spring-boot-starter-2.3.0.jar;D:\Development\apache-maven-3.9.9\local-repository\org\springframework\boot\spring-boot-starter-jdbc\2.7.6\spring-boot-starter-jdbc-2.7.6.jar;D:\Development\apache-maven-3.9.9\local-repository\com\zaxxer\HikariCP\4.0.3\HikariCP-4.0.3.jar;D:\Development\apache-maven-3.9.9\local-repository\org\springframework\spring-jdbc\5.3.24\spring-jdbc-5.3.24.jar;D:\Development\apache-maven-3.9.9\local-repository\org\springframework\spring-tx\5.3.24\spring-tx-5.3.24.jar;D:\Development\apache-maven-3.9.9\local-repository\org\mybatis\spring\boot\mybatis-spring-boot-autoconfigure\2.3.0\mybatis-spring-boot-autoconfigure-2.3.0.jar;D:\Development\apache-maven-3.9.9\local-repository\org\mybatis\mybatis\3.5.11\mybatis-3.5.11.jar;D:\Development\apache-maven-3.9.9\local-repository\org\mybatis\mybatis-spring\2.1.0\mybatis-spring-2.1.0.jar;D:\Development\apache-maven-3.9.9\local-repository\com\mysql\mysql-connector-j\8.0.31\mysql-connector-j-8.0.31.jar;D:\Development\apache-maven-3.9.9\local-repository\org\projectlombok\lombok\1.18.24\lombok-1.18.24.jar;D:\Development\apache-maven-3.9.9\local-repository\org\springframework\boot\spring-boot-starter-test\2.7.6\spring-boot-starter-test-2.7.6.jar;D:\Development\apache-maven-3.9.9\local-repository\org\springframework\boot\spring-boot-test\2.7.6\spring-boot-test-2.7.6.jar;D:\Development\apache-maven-3.9.9\local-repository\org\springframework\boot\spring-boot-test-autoconfigure\2.7.6\spring-boot-test-autoconfigure-2.7.6.jar;D:\Development\apache-maven-3.9.9\local-repository\com\jayway\jsonpath\json-path\2.7.0\json-path-2.7.0.jar;D:\Development\apache-maven-3.9.9\local-repository\net\minidev\json-smart\2.4.8\json-smart-2.4.8.jar;D:\Development\apache-maven-3.9.9\local-repository\net\minidev\accessors-smart\2.4.8\accessors-smart-2.4.8.jar;D:\Development\apache-maven-3.9.9\local-repository\org\ow2\asm\asm\9.1\asm-9.1.jar;D:\Development\apache-maven-3.9.9\local-repository\org\slf4j\slf4j-api\1.7.36\slf4j-api-1.7.36.jar;D:\Development\apache-maven-3.9.9\local-repository\jakarta\xml\bind\jakarta.xml.bind-api\2.3.3\jakarta.xml.bind-api-2.3.3.jar;D:\Development\apache-maven-3.9.9\local-repository\jakarta\activation\jakarta.activation-api\1.2.2\jakarta.activation-api-1.2.2.jar;D:\Development\apache-maven-3.9.9\local-repository\org\assertj\assertj-core\3.22.0\assertj-core-3.22.0.jar;D:\Development\apache-maven-3.9.9\local-repository\org\hamcrest\hamcrest\2.2\hamcrest-2.2.jar;D:\Development\apache-maven-3.9.9\local-repository\org\junit\jupiter\junit-jupiter\5.8.2\junit-jupiter-5.8.2.jar;D:\Development\apache-maven-3.9.9\local-repository\org\junit\jupiter\junit-jupiter-api\5.8.2\junit-jupiter-api-5.8.2.jar;D:\Development\apache-maven-3.9.9\local-repository\org\opentest4j\opentest4j\1.2.0\opentest4j-1.2.0.jar;D:\Development\apache-maven-3.9.9\local-repository\org\junit\platform\junit-platform-commons\1.8.2\junit-platform-commons-1.8.2.jar;D:\Development\apache-maven-3.9.9\local-repository\org\apiguardian\apiguardian-api\1.1.2\apiguardian-api-1.1.2.jar;D:\Development\apache-maven-3.9.9\local-repository\org\junit\jupiter\junit-jupiter-params\5.8.2\junit-jupiter-params-5.8.2.jar;D:\Development\apache-maven-3.9.9\local-repository\org\junit\jupiter\junit-jupiter-engine\5.8.2\junit-jupiter-engine-5.8.2.jar;D:\Development\apache-maven-3.9.9\local-repository\org\junit\platform\junit-platform-engine\1.8.2\junit-platform-engine-1.8.2.jar;D:\Development\apache-maven-3.9.9\local-repository\org\mockito\mockito-core\4.5.1\mockito-core-4.5.1.jar;D:\Development\apache-maven-3.9.9\local-repository\net\bytebuddy\byte-buddy\1.12.19\byte-buddy-1.12.19.jar;D:\Development\apache-maven-3.9.9\local-repository\net\bytebuddy\byte-buddy-agent\1.12.19\byte-buddy-agent-1.12.19.jar;D:\Development\apache-maven-3.9.9\local-repository\org\objenesis\objenesis\3.2\objenesis-3.2.jar;D:\Development\apache-maven-3.9.9\local-repository\org\mockito\mockito-junit-jupiter\4.5.1\mockito-junit-jupiter-4.5.1.jar;D:\Development\apache-maven-3.9.9\local-repository\org\skyscreamer\jsonassert\1.5.1\jsonassert-1.5.1.jar;D:\Development\apache-maven-3.9.9\local-repository\com\vaadin\external\google\android-json\0.0.20131108.vaadin1\android-json-0.0.20131108.vaadin1.jar;D:\Development\apache-maven-3.9.9\local-repository\org\springframework\spring-core\5.3.24\spring-core-5.3.24.jar;D:\Development\apache-maven-3.9.9\local-repository\org\springframework\spring-jcl\5.3.24\spring-jcl-5.3.24.jar;D:\Development\apache-maven-3.9.9\local-repository\org\springframework\spring-test\5.3.24\spring-test-5.3.24.jar;D:\Development\apache-maven-3.9.9\local-repository\org\xmlunit\xmlunit-core\2.9.0\xmlunit-core-2.9.0.jar;D:\Development\apache-maven-3.9.9\local-repository\com\github\pagehelper\pagehelper-spring-boot-starter\1.4.6\pagehelper-spring-boot-starter-1.4.6.jar;D:\Development\apache-maven-3.9.9\local-repository\com\github\pagehelper\pagehelper-spring-boot-autoconfigure\1.4.6\pagehelper-spring-boot-autoconfigure-1.4.6.jar;D:\Development\apache-maven-3.9.9\local-repository\com\github\pagehelper\pagehelper\5.3.2\pagehelper-5.3.2.jar;D:\Development\apache-maven-3.9.9\local-repository\com\github\jsqlparser\jsqlparser\4.5\jsqlparser-4.5.jar;D:\Development\apache-maven-3.9.9\local-repository\cn\hutool\hutool-all\5.8.0\hutool-all-5.8.0.jar;D:\Development\apache-maven-3.9.9\local-repository\org\springframework\boot\spring-boot-configuration-processor\2.7.6\spring-boot-configuration-processor-2.7.6.jar;D:\Development\apache-maven-3.9.9\local-repository\com\auth0\java-jwt\3.10.3\java-jwt-3.10.3.jar;D:\Development\apache-maven-3.9.9\local-repository\com\fasterxml\jackson\core\jackson-databind\2.13.4.2\jackson-databind-2.13.4.2.jar;D:\Development\apache-maven-3.9.9\local-repository\com\fasterxml\jackson\core\jackson-annotations\2.13.4\jackson-annotations-2.13.4.jar;D:\Development\apache-maven-3.9.9\local-repository\com\fasterxml\jackson\core\jackson-core\2.13.4\jackson-core-2.13.4.jar;D:\Development\apache-maven-3.9.9\local-repository\commons-codec\commons-codec\1.15\commons-codec-1.15.jar;"/>
    <property name="sun.cpu.endian" value="little"/>
    <property name="user.home" value="C:\Users\lenovo"/>
    <property name="user.language" value="zh"/>
    <property name="java.specification.vendor" value="Oracle Corporation"/>
    <property name="java.home" value="C:\Program Files\Java\jdk1.8.0_201\jre"/>
    <property name="basedir" value="D:\Projects\BookManagementSys\springboot"/>
    <property name="file.separator" value="\"/>
    <property name="line.separator" value="&#10;"/>
    <property name="java.vm.specification.vendor" value="Oracle Corporation"/>
    <property name="java.specification.name" value="Java Platform API Specification"/>
    <property name="FILE_LOG_CHARSET" value="GBK"/>
    <property name="java.awt.graphicsenv" value="sun.awt.Win32GraphicsEnvironment"/>
    <property name="java.awt.headless" value="true"/>
    <property name="surefire.real.class.path" value="C:\Users\lenovo\AppData\Local\Temp\surefire6788406232430427039\surefirebooter-20250116203032259_3.jar"/>
    <property name="sun.boot.class.path" value="C:\Program Files\Java\jdk1.8.0_201\jre\lib\resources.jar;C:\Program Files\Java\jdk1.8.0_201\jre\lib\rt.jar;C:\Program Files\Java\jdk1.8.0_201\jre\lib\sunrsasign.jar;C:\Program Files\Java\jdk1.8.0_201\jre\lib\jsse.jar;C:\Program Files\Java\jdk1.8.0_201\jre\lib\jce.jar;C:\Program Files\Java\jdk1.8.0_201\jre\lib\charsets.jar;C:\Program Files\Java\jdk1.8.0_201\jre\lib\jfr.jar;C:\Program Files\Java\jdk1.8.0_201\jre\classes"/>
    <property name="user.script" value=""/>
    <property name="sun.management.compiler" value="HotSpot 64-Bit Tiered Compilers"/>
    <property name="java.runtime.version" value="1.8.0_201-b09"/>
    <property name="user.name" value="lenovo"/>
    <property name="path.separator" value=";"/>
    <property name="os.version" value="10.0"/>
    <property name="java.endorsed.dirs" value="C:\Program Files\Java\jdk1.8.0_201\jre\lib\endorsed"/>
    <property name="java.runtime.name" value="Java(TM) SE Runtime Environment"/>
    <property name="file.encoding" value="GBK"/>
    <property name="spring.beaninfo.ignore" value="true"/>
    <property name="java.vm.name" value="Java HotSpot(TM) 64-Bit Server VM"/>
    <property name="localRepository" value="D:\Development\apache-maven-3.9.9\local-repository"/>
    <property name="java.vendor.url.bug" value="http://bugreport.sun.com/bugreport/"/>
    <property name="java.io.tmpdir" value="C:\Users\lenovo\AppData\Local\Temp\"/>
    <property name="java.version" value="1.8.0_201"/>
    <property name="user.dir" value="D:\Projects\BookManagementSys\springboot"/>
    <property name="os.arch" value="amd64"/>
    <property name="java.vm.specification.name" value="Java Virtual Machine Specification"/>
    <property name="PID" value="3204"/>
    <property name="java.awt.printerjob" value="sun.awt.windows.WPrinterJob"/>
    <property name="sun.os.patch.level" value=""/>
    <property name="CONSOLE_LOG_CHARSET" value="GBK"/>
    <property name="java.library.path" value="C:\Program Files\Java\jdk1.8.0_201\jre\bin;C:\WINDOWS\Sun\Java\bin;C:\WINDOWS\system32;C:\WINDOWS;C:\Users\lenovo\anaconda3\condabin;C:\Program Files (x86)\VMware\VMware Player\bin\;C:\Windows\system32;C:\Windows;C:\Windows\System32\Wbem;C:\Windows\System32\WindowsPowerShell\v1.0\;C:\Windows\System32\OpenSSH\;C:\Program Files (x86)\NVIDIA Corporation\PhysX\Common;C:\Program Files\NVIDIA Corporation\NVIDIA NvDLISR;E:\我的世界\WorldPainter;%Sy;temRoot%\system32;C:\WINDOWS;C:\WINDOWS\System32\Wbem;C:\WINDOWS\System32\WindowsPowerShell\v1.0\;C:\WINDOWS\System32\OpenSSH\;C:\Users\lenovo\anaconda3;C:\Users\lenovo\anaconda3\Library\bin;C:\Users\lenovo\anaconda3\Library\mingw-w64\bin;C:\Users\lenovo\anaconda3\Scripts;C:\mingw64\bin;C:\Program Files\Git\cmd;C:\Program Files\Java\jdk1.8.0_201\bin;C:\Program Files\Java\jdk1.8.0_201\jre\bin;C:\Program Files (x86)\Windows Kits\10\Windows Performance Toolkit\;D:\Development\apache-maven-3.9.9\bin;D:\Development\nodejs\;D:\Development\nodejs\node_global;C:\Users\lenovo\AppData\Local\Programs\Python\Python311\Scripts\;C:\Users\lenovo\AppData\Local\Programs\Python\Python311\;C:\Users\lenovo\AppData\Local\Microsoft\WindowsApps;C:\Users\lenovo\anaconda3\Scripts;C:\Users\lenovo\anaconda3;C:\Users\lenovo\anaconda3\Library\mingw-w64\bin;C:\Users\lenovo\anaconda3\Library\bin;;C:\questasim64_10.4e\win64;C:\Users\lenovo\AppData\Local\Programs\Microsoft VS Code\bin;C:\Users\lenovo\AppData\Roaming\npm;."/>
    <property name="java.vm.info" value="mixed mode"/>
    <property name="java.vendor" value="Oracle Corporation"/>
    <property name="java.vm.version" value="25.201-b09"/>
    <property name="java.ext.dirs" value="C:\Program Files\Java\jdk1.8.0_201\jre\lib\ext;C:\WINDOWS\Sun\Java\lib\ext"/>
    <property name="sun.io.unicode.encoding" value="UnicodeLittle"/>
    <property name="java.class.version" value="52.0"/>
  </properties>
  <testcase name="contextLoads" classname="com.example.springboot.SpringbootApplicationTests" time="0.142">
    <system-out><![CDATA[20:30:32.853 [main] DEBUG org.springframework.test.context.BootstrapUtils - Instantiating CacheAwareContextLoaderDelegate from class [org.springframework.test.context.cache.DefaultCacheAwareContextLoaderDelegate]
20:30:32.863 [main] DEBUG org.springframework.test.context.BootstrapUtils - Instantiating BootstrapContext using constructor [public org.springframework.test.context.support.DefaultBootstrapContext(java.lang.Class,org.springframework.test.context.CacheAwareContextLoaderDelegate)]
20:30:32.887 [main] DEBUG org.springframework.test.context.BootstrapUtils - Instantiating TestContextBootstrapper for test class [com.example.springboot.SpringbootApplicationTests] from class [org.springframework.boot.test.context.SpringBootTestContextBootstrapper]
20:30:32.894 [main] INFO org.springframework.boot.test.context.SpringBootTestContextBootstrapper - Neither @ContextConfiguration nor @ContextHierarchy found for test class [com.example.springboot.SpringbootApplicationTests], using SpringBootContextLoader
20:30:32.896 [main] DEBUG org.springframework.test.context.support.AbstractContextLoader - Did not detect default resource location for test class [com.example.springboot.SpringbootApplicationTests]: class path resource [com/example/springboot/SpringbootApplicationTests-context.xml] does not exist
20:30:32.896 [main] DEBUG org.springframework.test.context.support.AbstractContextLoader - Did not detect default resource location for test class [com.example.springboot.SpringbootApplicationTests]: class path resource [com/example/springboot/SpringbootApplicationTestsContext.groovy] does not exist
20:30:32.896 [main] INFO org.springframework.test.context.support.AbstractContextLoader - Could not detect default resource locations for test class [com.example.springboot.SpringbootApplicationTests]: no resource found for suffixes {-context.xml, Context.groovy}.
20:30:32.896 [main] INFO org.springframework.test.context.support.AnnotationConfigContextLoaderUtils - Could not detect default configuration classes for test class [com.example.springboot.SpringbootApplicationTests]: SpringbootApplicationTests does not declare any static, non-private, non-final, nested classes annotated with @Configuration.
20:30:32.926 [main] DEBUG org.springframework.test.context.support.ActiveProfilesUtils - Could not find an 'annotation declaring class' for annotation type [org.springframework.test.context.ActiveProfiles] and class [com.example.springboot.SpringbootApplicationTests]
20:30:32.989 [main] DEBUG org.springframework.context.annotation.ClassPathScanningCandidateComponentProvider - Identified candidate component class: file [D:\Projects\BookManagementSys\springboot\target\classes\com\example\springboot\SpringbootApplication.class]
20:30:32.989 [main] INFO org.springframework.boot.test.context.SpringBootTestContextBootstrapper - Found @SpringBootConfiguration com.example.springboot.SpringbootApplication for test class com.example.springboot.SpringbootApplicationTests
20:30:33.049 [main] DEBUG org.springframework.boot.test.context.SpringBootTestContextBootstrapper - @TestExecutionListeners is not present for class [com.example.springboot.SpringbootApplicationTests]: using defaults.
20:30:33.059 [main] INFO org.springframework.boot.test.context.SpringBootTestContextBootstrapper - Loaded default TestExecutionListener class names from location [META-INF/spring.factories]: [org.springframework.boot.test.mock.mockito.MockitoTestExecutionListener, org.springframework.boot.test.mock.mockito.ResetMocksTestExecutionListener, org.springframework.boot.test.autoconfigure.restdocs.RestDocsTestExecutionListener, org.springframework.boot.test.autoconfigure.web.client.MockRestServiceServerResetTestExecutionListener, org.springframework.boot.test.autoconfigure.web.servlet.MockMvcPrintOnlyOnFailureTestExecutionListener, org.springframework.boot.test.autoconfigure.web.servlet.WebDriverTestExecutionListener, org.springframework.boot.test.autoconfigure.webservices.client.MockWebServiceServerTestExecutionListener, org.springframework.test.context.web.ServletTestExecutionListener, org.springframework.test.context.support.DirtiesContextBeforeModesTestExecutionListener, org.springframework.test.context.event.ApplicationEventsTestExecutionListener, org.springframework.test.context.support.DependencyInjectionTestExecutionListener, org.springframework.test.context.support.DirtiesContextTestExecutionListener, org.springframework.test.context.transaction.TransactionalTestExecutionListener, org.springframework.test.context.jdbc.SqlScriptsTestExecutionListener, org.springframework.test.context.event.EventPublishingTestExecutionListener]
20:30:33.065 [main] INFO org.springframework.boot.test.context.SpringBootTestContextBootstrapper - Using TestExecutionListeners: [org.springframework.test.context.web.ServletTestExecutionListener@41330d4f, org.springframework.test.context.support.DirtiesContextBeforeModesTestExecutionListener@1b66c0fb, org.springframework.test.context.event.ApplicationEventsTestExecutionListener@3e0e1046, org.springframework.boot.test.mock.mockito.MockitoTestExecutionListener@24c1b2d2, org.springframework.boot.test.autoconfigure.SpringBootDependencyInjectionTestExecutionListener@7dc19a70, org.springframework.test.context.support.DirtiesContextTestExecutionListener@508dec2b, org.springframework.test.context.transaction.TransactionalTestExecutionListener@1e4f4a5c, org.springframework.test.context.jdbc.SqlScriptsTestExecutionListener@37313c65, org.springframework.test.context.event.EventPublishingTestExecutionListener@465232e9, org.springframework.boot.test.mock.mockito.ResetMocksTestExecutionListener@798162bc, org.springframework.boot.test.autoconfigure.restdocs.RestDocsTestExecutionListener@1df8da7a, org.springframework.boot.test.autoconfigure.web.client.MockRestServiceServerResetTestExecutionListener@23941fb4, org.springframework.boot.test.autoconfigure.web.servlet.MockMvcPrintOnlyOnFailureTestExecutionListener@7486b455, org.springframework.boot.test.autoconfigure.web.servlet.WebDriverTestExecutionListener@660acfb, org.springframework.boot.test.autoconfigure.webservices.client.MockWebServiceServerTestExecutionListener@5d908d47]
20:30:33.074 [main] DEBUG org.springframework.test.context.support.AbstractDirtiesContextTestExecutionListener - Before test class: context [DefaultTestContext@7dc3712 testClass = SpringbootApplicationTests, testInstance = [null], testMethod = [null], testException = [null], mergedContextConfiguration = [WebMergedContextConfiguration@2f67a4d3 testClass = SpringbootApplicationTests, locations = '{}', classes = '{class com.example.springboot.SpringbootApplication}', contextInitializerClasses = '[]', activeProfiles = '{}', propertySourceLocations = '{}', propertySourceProperties = '{org.springframework.boot.test.context.SpringBootTestContextBootstrapper=true}', contextCustomizers = set[org.springframework.boot.test.context.filter.ExcludeFilterContextCustomizer@22555ebf, org.springframework.boot.test.json.DuplicateJsonObjectContextCustomizerFactory$DuplicateJsonObjectContextCustomizer@54d9d12d, org.springframework.boot.test.mock.mockito.MockitoContextCustomizer@0, org.springframework.boot.test.web.client.TestRestTemplateContextCustomizer@682b2fa, org.springframework.boot.test.autoconfigure.actuate.metrics.MetricsExportContextCustomizerFactory$DisableMetricExportContextCustomizer@3eb25e1a, org.springframework.boot.test.autoconfigure.properties.PropertyMappingContextCustomizer@0, org.springframework.boot.test.autoconfigure.web.servlet.WebDriverContextCustomizerFactory$Customizer@4e08711f, org.springframework.boot.test.context.SpringBootTestArgs@1, org.springframework.boot.test.context.SpringBootTestWebEnvironment@6c3708b3], resourceBasePath = 'src/main/webapp', contextLoader = 'org.springframework.boot.test.context.SpringBootContextLoader', parent = [null]], attributes = map['org.springframework.test.context.web.ServletTestExecutionListener.activateListener' -> true]], class annotated with @DirtiesContext [false] with mode [null].

  .   ____          _            __ _ _
 /\\ / ___'_ __ _ _(_)_ __  __ _ \ \ \ \
( ( )\___ | '_ | '_| | '_ \/ _` | \ \ \ \
 \\/  ___)| |_)| | | | | || (_| |  ) ) ) )
  '  |____| .__|_| |_|_| |_\__, | / / / /
 =========|_|==============|___/=/_/_/_/
 :: Spring Boot ::                (v2.7.6)

2025-01-16 20:30:33.319  INFO 3204 --- [           main] c.e.s.SpringbootApplicationTests         : Starting SpringbootApplicationTests using Java 1.8.0_201 on LAPTOP-OJE0BDR6 with PID 3204 (started by lenovo in D:\Projects\BookManagementSys\springboot)
2025-01-16 20:30:33.319  INFO 3204 --- [           main] c.e.s.SpringbootApplicationTests         : No active profile set, falling back to 1 default profile: "default"
2025-01-16 20:30:34.576  INFO 3204 --- [           main] o.s.b.a.w.s.WelcomePageHandlerMapping    : Adding welcome page: class path resource [static/index.html]
2025-01-16 20:30:34.919  INFO 3204 --- [           main] c.e.s.SpringbootApplicationTests         : Started SpringbootApplicationTests in 1.819 seconds (JVM running for 2.512)
]]></system-out>
  </testcase>
</testsuite>